<?xml version="1.0" encoding="UTF-8"?>
<testsuite name="com.restapiexample.dummy.dummyapiinfo.FirstTest" time="0.737" tests="1" errors="0" skipped="0" failures="1">
  <properties>
[...]
</properties>
  <testcase name="getAllProduct" classname="com.restapiexample.dummy.dummyapiinfo.FirstTest" time="0.737">
    <failure message="1 expectation failed.&#10;Expected status code &lt;200&gt; but was &lt;429&gt;.&#10;" type="java.lang.AssertionError"><![CDATA[java.lang.AssertionError: 1 expectation failed.
Expected status code <200> but was <429>.

	at sun.reflect.NativeConstructorAccessorImpl.newInstance0(Native Method)
	at sun.reflect.NativeConstructorAccessorImpl.newInstance(NativeConstructorAccessorImpl.java:62)
	at sun.reflect.DelegatingConstructorAccessorImpl.newInstance(DelegatingConstructorAccessorImpl.java:45)
	at java.lang.reflect.Constructor.newInstance(Constructor.java:423)
	at org.codehaus.groovy.reflection.CachedConstructor.invoke(CachedConstructor.java:83)
	at org.codehaus.groovy.reflection.CachedConstructor.doConstructorInvoke(CachedConstructor.java:77)
	at org.codehaus.groovy.runtime.callsite.ConstructorSite$ConstructorSiteNoUnwrap.callConstructor(ConstructorSite.java:84)
	at org.codehaus.groovy.runtime.callsite.AbstractCallSite.callConstructor(AbstractCallSite.java:247)
	at io.restassured.internal.ResponseSpecificationImpl$HamcrestAssertionClosure.validate(ResponseSpecificationImpl.groovy:471)
	at io.restassured.internal.ResponseSpecificationImpl$HamcrestAssertionClosure$validate$1.call(Unknown Source)
	at io.restassured.internal.ResponseSpecificationImpl.validateResponseIfRequired(ResponseSpecificationImpl.groovy:636)
	at sun.reflect.NativeMethodAccessorImpl.invoke0(Native Method)
	at sun.reflect.NativeMethodAccessorImpl.invoke(NativeMethodAccessorImpl.java:62)
	at sun.reflect.DelegatingMethodAccessorImpl.invoke(DelegatingMethodAccessorImpl.java:43)
	at java.lang.reflect.Method.invoke(Method.java:498)
	at org.codehaus.groovy.runtime.callsite.PogoMetaMethodSite$PogoCachedMethodSiteNoUnwrapNoCoerce.invoke(PogoMetaMethodSite.java:210)
	at org.codehaus.groovy.runtime.callsite.PogoMetaMethodSite.callCurrent(PogoMetaMethodSite.java:59)
	at org.codehaus.groovy.runtime.callsite.AbstractCallSite.callCurrent(AbstractCallSite.java:166)
	at io.restassured.internal.ResponseSpecificationImpl.statusCode(ResponseSpecificationImpl.groovy:122)
	at io.restassured.specification.ResponseSpecification$statusCode$0.callCurrent(Unknown Source)
	at io.restassured.internal.ResponseSpecificationImpl.statusCode(ResponseSpecificationImpl.groovy:130)
	at io.restassured.internal.ValidatableResponseOptionsImpl.statusCode(ValidatableResponseOptionsImpl.java:117)
	at com.restapiexample.dummy.dummyapiinfo.FirstTest.getAllProduct(FirstTest.java:17)
]]></failure>
    <system-out><![CDATA[HTTP/1.1 429 Too Many Requests
Content-Encoding: gzip
Content-Type: text/html; charset=UTF-8
Date: Mon, 06 Jun 2022 11:58:15 GMT
Display: staticcontent_sol
Expires: Sun, 05 Jun 2022 11:58:15 GMT
Host-Header: c2hhcmVkLmJsdWVob3N0LmNvbQ==
Pagespeed: off
Response: 429
Retry-After: 16
Server: nginx
Vary: Accept-Encoding
Vary: Accept-Encoding,User-Agent,Origin
X-Endurance-Cache-Level: 2
X-Ezoic-Cdn: Miss
X-Middleton-Display: staticcontent_sol
X-Middleton-Response: 429
X-Nginx-Cache: WordPress
X-Origin-Cache-Control: no-cache, private
X-Ratelimit-Limit: 60
X-Ratelimit-Remaining: 55
X-Ratelimit-Reset: 1654516711
X-Sol: pub_site
Content-Length: 588

<html lang="en">
  <head>
    <meta charset="utf-8"/>
    <meta name="viewport" content="width=device-width, initial-scale=1"/>
    <title>Too Many Requests</title>
    <link rel="dns-prefetch" href="//fonts.gstatic.com"/>
    <link href="https://fonts.googleapis.com/css?family=Nunito" rel="stylesheet"/>
    <style>
            html, body {
                background-color: #fff;
                color: #636b6f;
                font-family: 'Nunito', sans-serif;
                font-weight: 100;
                height: 100vh;
                margin: 0;
            }

            .full-height {
                height: 100vh;
            }

            .flex-center {
                align-items: center;
                display: flex;
                justify-content: center;
            }

            .position-ref {
                position: relative;
            }

            .code {
                border-right: 2px solid;
                font-size: 26px;
                padding: 0 15px 0 15px;
                text-align: center;
            }

            .message {
                font-size: 18px;
                text-align: center;
            }
        </style>
  </head>
  <body>
    <div class="flex-center position-ref full-height">
      <div class="code">
                429            </div>
      <div class="message" style="padding: 10px;">
                Too Many Requests            </div>
    </div>
  </body>
</html>
]]></system-out>
    <system-err><![CDATA[12727 [main] ERROR net.serenitybdd.core.Serenity - 
           __  _____ _____ ____ _____   _____ _    ___ _     _____ ____  
  _       / / |_   _| ____/ ___|_   _| |  ___/ \  |_ _| |   | ____|  _ \ 
 (_)_____| |    | | |  _| \___ \ | |   | |_ / _ \  | || |   |  _| | | | |
  _|_____| |    | | | |___ ___) || |   |  _/ ___ \ | || |___| |___| |_| |
 (_)     | |    |_| |_____|____/ |_|   |_|/_/   \_\___|_____|_____|____/ 
          \_\                                                            

TEST FAILED: Delete the product and verify if the product is deleted!
--------------------------------------------------------------------------
12728 [main] ERROR net.serenitybdd.core.Serenity - 1 expectation failed.Expected status code <200> but was <429>.
12873 [pool-1-thread-4] INFO net.thucydides.core.reports.json.JSONTestOutcomeReporter - Generating JSON report for Delete the product and verify if the product is deleted! to file C:\Users\harsh\IdeaProjects\homework-week18-project2-dummyapi-serenity\target\site\serenity\5129f3433bf3779987220b4776bdd7d5738d30ecd6a9af7cd94eed102e9f6fac.json (using temp file C:\Users\harsh\IdeaProjects\homework-week18-project2-dummyapi-serenity\target\site\serenity\5129f3433bf3779987220b4776bdd7d5738d30ecd6a9af7cd94eed102e9f6fac.json02d4d1e9-a3ef-4eab-a5ab-21d60c9636ac)
12873 [pool-1-thread-3] INFO net.thucydides.core.reports.json.JSONTestOutcomeReporter - Generating JSON report for Update the employee information and verify updated information to file C:\Users\harsh\IdeaProjects\homework-week18-project2-dummyapi-serenity\target\site\serenity\695cc7a488d4aa72cec122a2aa4e9fa60fee5ad300dac9d9fade6e0ecf27b115.json (using temp file C:\Users\harsh\IdeaProjects\homework-week18-project2-dummyapi-serenity\target\site\serenity\695cc7a488d4aa72cec122a2aa4e9fa60fee5ad300dac9d9fade6e0ecf27b115.jsonbb0740e4-7860-4ddb-8c50-dccc4b0a5be7)
12874 [pool-1-thread-2] INFO net.thucydides.core.reports.json.JSONTestOutcomeReporter - Generating JSON report for Verify if the employee was added to the list to file C:\Users\harsh\IdeaProjects\homework-week18-project2-dummyapi-serenity\target\site\serenity\36b54e38ed892ce035140c0761c633e46d6c765fa8cec1d1430869574284a997.json (using temp file C:\Users\harsh\IdeaProjects\homework-week18-project2-dummyapi-serenity\target\site\serenity\36b54e38ed892ce035140c0761c633e46d6c765fa8cec1d1430869574284a997.jsone40972e7-04b5-40ef-a688-ef180f77044f)
12874 [pool-1-thread-1] INFO net.thucydides.core.reports.json.JSONTestOutcomeReporter - Generating JSON report for This will create a new employee to file C:\Users\harsh\IdeaProjects\homework-week18-project2-dummyapi-serenity\target\site\serenity\f1486f6699ab2a1a36b110347bce610eaed714fc0336e3e86077c39e7c2e01d5.json (using temp file C:\Users\harsh\IdeaProjects\homework-week18-project2-dummyapi-serenity\target\site\serenity\f1486f6699ab2a1a36b110347bce610eaed714fc0336e3e86077c39e7c2e01d5.json05ecdd96-c1c5-4849-bc75-cf16dd88e33c)
13208 [pool-2-thread-3] INFO net.thucydides.core.reports.html.HtmlAcceptanceTestReporter - GENERATING HTML REPORT FOR Employee CURD test with steps:test003 in 695cc7a488d4aa72cec122a2aa4e9fa60fee5ad300dac9d9fade6e0ecf27b115.html in directory target\site\serenity  
13208 [pool-2-thread-1] INFO net.thucydides.core.reports.html.HtmlAcceptanceTestReporter - GENERATING HTML REPORT FOR Employee CURD test with steps:test001 in f1486f6699ab2a1a36b110347bce610eaed714fc0336e3e86077c39e7c2e01d5.html in directory target\site\serenity  
13208 [pool-2-thread-4] INFO net.thucydides.core.reports.html.HtmlAcceptanceTestReporter - GENERATING HTML REPORT FOR Employee CURD test with steps:test004 in 5129f3433bf3779987220b4776bdd7d5738d30ecd6a9af7cd94eed102e9f6fac.html in directory target\site\serenity  
13208 [pool-2-thread-2] INFO net.thucydides.core.reports.html.HtmlAcceptanceTestReporter - GENERATING HTML REPORT FOR Employee CURD test with steps:test002 in 36b54e38ed892ce035140c0761c633e46d6c765fa8cec1d1430869574284a997.html in directory target\site\serenity  
]]></system-err>
  </testcase>
</testsuite>